#
# There is insufficient memory for the Java Runtime Environment to continue.
# Native memory allocation (malloc) failed to allocate 32744 bytes for ChunkPool::allocate
# Possible reasons:
#   The system is out of physical RAM or swap space
#   The process is running with CompressedOops enabled, and the Java Heap may be blocking the growth of the native heap
# Possible solutions:
#   Reduce memory load on the system
#   Increase physical memory or swap space
#   Check if swap backing store is full
#   Decrease Java heap size (-Xmx/-Xms)
#   Decrease number of Java threads
#   Decrease Java thread stack sizes (-Xss)
#   Set larger code cache with -XX:ReservedCodeCacheSize=
#   JVM is running with Zero Based Compressed Oops mode in which the Java heap is
#     placed in the first 32GB address space. The Java Heap base address is the
#     maximum limit for the native heap growth. Please use -XX:HeapBaseMinAddress
#     to set the Java Heap base and to place the Java Heap above 32GB virtual address.
# This output file may be truncated or incomplete.
#
#  Out of Memory Error (allocation.cpp:272), pid=14920, tid=0x0000000000003c6c
#
# JRE version: Java(TM) SE Runtime Environment (8.0_261-b12) (build 1.8.0_261-b12)
# Java VM: Java HotSpot(TM) 64-Bit Server VM (25.261-b12 mixed mode windows-amd64 compressed oops)
# Failed to write core dump. Minidumps are not enabled by default on client versions of Windows
#

---------------  T H R E A D  ---------------

Current thread (0x0000021486116000):  JavaThread "main" [_thread_in_vm, id=15468, stack(0x00000062fe200000,0x00000062fe300000)]

Stack: [0x00000062fe200000,0x00000062fe300000]
Native frames: (J=compiled Java code, j=interpreted, Vv=VM code, C=native code)
V  [jvm.dll+0x33e5f9]

Java frames: (J=compiled Java code, j=interpreted, Vv=VM code)
j  org.slf4j.impl.MavenSimpleLoggerFactory.getLogger(Ljava/lang/String;)Lorg/slf4j/Logger;+20
j  org.slf4j.LoggerFactory.getLogger(Ljava/lang/String;)Lorg/slf4j/Logger;+6
j  org.slf4j.LoggerFactory.getLogger(Ljava/lang/Class;)Lorg/slf4j/Logger;+4
j  org.apache.maven.cli.logging.BaseSlf4jConfiguration.<init>()V+7
j  org.apache.maven.cli.logging.impl.Slf4jSimpleConfiguration.<init>()V+1
v  ~StubRoutines::call_stub
j  sun.reflect.NativeConstructorAccessorImpl.newInstance0(Ljava/lang/reflect/Constructor;[Ljava/lang/Object;)Ljava/lang/Object;+0
j  sun.reflect.NativeConstructorAccessorImpl.newInstance([Ljava/lang/Object;)Ljava/lang/Object;+85
j  sun.reflect.DelegatingConstructorAccessorImpl.newInstance([Ljava/lang/Object;)Ljava/lang/Object;+5
j  java.lang.reflect.Constructor.newInstance([Ljava/lang/Object;)Ljava/lang/Object;+79
j  java.lang.Class.newInstance()Ljava/lang/Object;+138
j  org.apache.maven.cli.logging.Slf4jConfigurationFactory.getConfiguration(Lorg/slf4j/ILoggerFactory;)Lorg/apache/maven/cli/logging/Slf4jConfiguration;+75
j  org.apache.maven.cli.MavenCli.logging(Lorg/apache/maven/cli/CliRequest;)V+80
j  org.apache.maven.cli.MavenCli.doMain(Lorg/apache/maven/cli/CliRequest;)I+19
j  org.apache.maven.cli.MavenCli.main([Ljava/lang/String;Lorg/codehaus/plexus/classworlds/ClassWorld;)I+24
v  ~StubRoutines::call_stub
j  sun.reflect.NativeMethodAccessorImpl.invoke0(Ljava/lang/reflect/Method;Ljava/lang/Object;[Ljava/lang/Object;)Ljava/lang/Object;+0
j  sun.reflect.NativeMethodAccessorImpl.invoke(Ljava/lang/Object;[Ljava/lang/Object;)Ljava/lang/Object;+100
j  sun.reflect.DelegatingMethodAccessorImpl.invoke(Ljava/lang/Object;[Ljava/lang/Object;)Ljava/lang/Object;+6
j  java.lang.reflect.Method.invoke(Ljava/lang/Object;[Ljava/lang/Object;)Ljava/lang/Object;+56
j  org.codehaus.plexus.classworlds.launcher.Launcher.launchEnhanced([Ljava/lang/String;)V+45
j  org.codehaus.plexus.classworlds.launcher.Launcher.launch([Ljava/lang/String;)V+2
j  org.codehaus.plexus.classworlds.launcher.Launcher.mainWithExitCode([Ljava/lang/String;)I+101
j  org.codehaus.plexus.classworlds.launcher.Launcher.main([Ljava/lang/String;)V+1
j  org.codehaus.classworlds.Launcher.main([Ljava/lang/String;)V+1
v  ~StubRoutines::call_stub

---------------  P R O C E S S  ---------------

Java Threads: ( => current thread )
  0x00000214a24a0000 JavaThread "Service Thread" daemon [_thread_blocked, id=2772, stack(0x00000062ff200000,0x00000062ff300000)]
  0x00000214a15c7000 JavaThread "C1 CompilerThread2" daemon [_thread_blocked, id=3360, stack(0x00000062ff100000,0x00000062ff200000)]
  0x00000214a15c6000 JavaThread "C2 CompilerThread1" daemon [_thread_blocked, id=9416, stack(0x00000062ff000000,0x00000062ff100000)]
  0x00000214a15c5800 JavaThread "C2 CompilerThread0" daemon [_thread_blocked, id=16096, stack(0x00000062fef00000,0x00000062ff000000)]
  0x00000214a15be000 JavaThread "Monitor Ctrl-Break" daemon [_thread_in_native, id=15756, stack(0x00000062fee00000,0x00000062fef00000)]
  0x00000214a1536800 JavaThread "Attach Listener" daemon [_thread_blocked, id=17516, stack(0x00000062fed00000,0x00000062fee00000)]
  0x00000214a158e800 JavaThread "Signal Dispatcher" daemon [_thread_blocked, id=16260, stack(0x00000062fec00000,0x00000062fed00000)]
  0x00000214a150d000 JavaThread "Finalizer" daemon [_thread_blocked, id=16592, stack(0x00000062feb00000,0x00000062fec00000)]
  0x00000214a0b6e000 JavaThread "Reference Handler" daemon [_thread_blocked, id=7896, stack(0x00000062fea00000,0x00000062feb00000)]
=>0x0000021486116000 JavaThread "main" [_thread_in_vm, id=15468, stack(0x00000062fe200000,0x00000062fe300000)]

Other Threads:
  0x00000214a14e4800 VMThread [stack: 0x00000062fe900000,0x00000062fea00000] [id=16268]
  0x00000214a24e0000 WatcherThread [stack: 0x00000062ff300000,0x00000062ff400000] [id=6512]

VM state:not at safepoint (normal execution)

VM Mutex/Monitor currently owned by a thread: None

heap address: 0x00000006c1a00000, size: 4070 MB, Compressed Oops mode: Zero based, Oop shift amount: 3
Narrow klass base: 0x0000000000000000, Narrow klass shift: 3
Compressed class space size: 1073741824 Address: 0x00000007c0000000

Heap:
 PSYoungGen      total 76288K, used 10527K [0x000000076b380000, 0x0000000770880000, 0x00000007c0000000)
  eden space 65536K, 16% used [0x000000076b380000,0x000000076bdc7f00,0x000000076f380000)
  from space 10752K, 0% used [0x000000076fe00000,0x000000076fe00000,0x0000000770880000)
  to   space 10752K, 0% used [0x000000076f380000,0x000000076f380000,0x000000076fe00000)
 ParOldGen       total 175104K, used 0K [0x00000006c1a00000, 0x00000006cc500000, 0x000000076b380000)
  object space 175104K, 0% used [0x00000006c1a00000,0x00000006c1a00000,0x00000006cc500000)
 Metaspace       used 5118K, capacity 5356K, committed 5504K, reserved 1056768K
  class space    used 559K, capacity 600K, committed 640K, reserved 1048576K

Card table byte_map: [0x0000021496da0000,0x00000214975a0000] byte_map_base: 0x0000021493793000

Marking Bits: (ParMarkBitMap*) 0x0000000054704fb0
 Begin Bits: [0x0000021497af0000, 0x000002149ba88000)
 End Bits:   [0x000002149ba88000, 0x000002149fa20000)

Polling page: 0x00000214879b0000

CodeCache: size=245760Kb used=1868Kb max_used=1868Kb free=243891Kb
 bounds [0x00000214879e0000, 0x0000021487c50000, 0x00000214969e0000]
 total_blobs=589 nmethods=303 adapters=199
 compilation: enabled

Compilation events (10 events):
Event: 0.799 Thread 0x00000214a15c7000 nmethod 296 0x0000021487b9d0d0 code [0x0000021487b9d240, 0x0000021487b9d430]
Event: 0.799 Thread 0x00000214a15c7000  297       3       java.lang.Exception::<init> (7 bytes)
Event: 0.799 Thread 0x00000214a15c7000 nmethod 297 0x0000021487b9cd50 code [0x0000021487b9cec0, 0x0000021487b9d050]
Event: 0.800 Thread 0x00000214a15c5800  298       4       java.lang.String::replace (127 bytes)
Event: 0.801 Thread 0x00000214a15c7000  299   !   3       java.net.URL::<init> (543 bytes)
Event: 0.803 Thread 0x00000214a15c7000 nmethod 299 0x0000021487b9de10 code [0x0000021487b9e2c0, 0x0000021487ba14b0]
Event: 0.803 Thread 0x00000214a15c7000  300       3       sun.net.www.protocol.file.Handler::parseURL (18 bytes)
Event: 0.803 Thread 0x00000214a15c7000 nmethod 300 0x0000021487b9c850 code [0x0000021487b9c9c0, 0x0000021487b9cc40]
Event: 0.803 Thread 0x00000214a15c7000  301       3       java.net.URLStreamHandler::parseURL (1193 bytes)
Event: 0.805 Thread 0x00000214a15c5800 nmethod 298 0x0000021487b9ab50 code [0x0000021487b9aca0, 0x0000021487b9b178]

GC Heap History (0 events):
No events

Deoptimization events (0 events):
No events

Classes redefined (0 events):
No events

Internal exceptions (9 events):
Event: 0.114 Thread 0x0000021486116000 Exception <a 'java/lang/NoSuchMethodError': Method sun.misc.Unsafe.defineClass(Ljava/lang/String;[BII)Ljava/lang/Class; name or signature does not match> (0x000000076b387cc0) thrown at [C:\jenkins\workspace\8-2-build-windows-amd64-cygwin\jdk8u261\295\hots
Event: 0.114 Thread 0x0000021486116000 Exception <a 'java/lang/NoSuchMethodError': Method sun.misc.Unsafe.prefetchRead(Ljava/lang/Object;J)V name or signature does not match> (0x000000076b387fa8) thrown at [C:\jenkins\workspace\8-2-build-windows-amd64-cygwin\jdk8u261\295\hotspot\src\share\vm\p
Event: 0.227 Thread 0x0000021486116000 Exception <a 'java/util/zip/ZipException'> (0x000000076b454f18) thrown at [C:\jenkins\workspace\8-2-build-windows-amd64-cygwin\jdk8u261\295\hotspot\src\share\vm\prims\jni.cpp, line 710]
Event: 0.227 Thread 0x0000021486116000 Exception <a 'java/security/PrivilegedActionException'> (0x000000076b455650) thrown at [C:\jenkins\workspace\8-2-build-windows-amd64-cygwin\jdk8u261\295\hotspot\src\share\vm\prims\jvm.cpp, line 1512]
Event: 0.227 Thread 0x0000021486116000 Exception <a 'java/security/PrivilegedActionException'> (0x000000076b455860) thrown at [C:\jenkins\workspace\8-2-build-windows-amd64-cygwin\jdk8u261\295\hotspot\src\share\vm\prims\jvm.cpp, line 1512]
Event: 0.408 Thread 0x0000021486116000 Exception <a 'java/security/PrivilegedActionException'> (0x000000076b9ad4b8) thrown at [C:\jenkins\workspace\8-2-build-windows-amd64-cygwin\jdk8u261\295\hotspot\src\share\vm\prims\jvm.cpp, line 1512]
Event: 0.408 Thread 0x0000021486116000 Exception <a 'java/security/PrivilegedActionException'> (0x000000076b9ad8b0) thrown at [C:\jenkins\workspace\8-2-build-windows-amd64-cygwin\jdk8u261\295\hotspot\src\share\vm\prims\jvm.cpp, line 1512]
Event: 0.409 Thread 0x0000021486116000 Exception <a 'java/security/PrivilegedActionException'> (0x000000076b9b19a8) thrown at [C:\jenkins\workspace\8-2-build-windows-amd64-cygwin\jdk8u261\295\hotspot\src\share\vm\prims\jvm.cpp, line 1512]
Event: 0.409 Thread 0x0000021486116000 Exception <a 'java/security/PrivilegedActionException'> (0x000000076b9b1da0) thrown at [C:\jenkins\workspace\8-2-build-windows-amd64-cygwin\jdk8u261\295\hotspot\src\share\vm\prims\jvm.cpp, line 1512]

Events (10 events):
Event: 0.805 loading class java/io/ByteArrayOutputStream
Event: 0.806 loading class java/io/ByteArrayOutputStream done
Event: 0.806 loading class org/apache/maven/cli/logging/impl/Slf4jSimpleConfiguration
Event: 0.806 loading class org/apache/maven/cli/logging/impl/Slf4jSimpleConfiguration done
Event: 0.806 loading class org/apache/maven/cli/logging/BaseSlf4jConfiguration
Event: 0.806 loading class org/apache/maven/cli/logging/BaseSlf4jConfiguration done
Event: 0.807 loading class org/slf4j/impl/MavenSimpleLogger
Event: 0.807 loading class org/slf4j/impl/MavenSimpleLogger done
Event: 0.807 loading class java/lang/AssertionError
Event: 0.807 loading class java/lang/AssertionError done


Dynamic libraries:
0x00007ff75e060000 - 0x00007ff75e0a7000 	C:\Program Files\Java\jdk1.8.0_261\bin\java.exe
0x00007ffb3b650000 - 0x00007ffb3b845000 	C:\WINDOWS\SYSTEM32\ntdll.dll
0x00007ffb3a2c0000 - 0x00007ffb3a37d000 	C:\WINDOWS\System32\KERNEL32.DLL
0x00007ffb38d90000 - 0x00007ffb39058000 	C:\WINDOWS\System32\KERNELBASE.dll
0x00007ffb3a170000 - 0x00007ffb3a21c000 	C:\WINDOWS\System32\ADVAPI32.dll
0x00007ffb3b0b0000 - 0x00007ffb3b14e000 	C:\WINDOWS\System32\msvcrt.dll
0x00007ffb3a6f0000 - 0x00007ffb3a78b000 	C:\WINDOWS\System32\sechost.dll
0x00007ffb396b0000 - 0x00007ffb397db000 	C:\WINDOWS\System32\RPCRT4.dll
0x00007ffb3b390000 - 0x00007ffb3b530000 	C:\WINDOWS\System32\USER32.dll
0x00007ffb39520000 - 0x00007ffb39542000 	C:\WINDOWS\System32\win32u.dll
0x00007ffb3a140000 - 0x00007ffb3a16a000 	C:\WINDOWS\System32\GDI32.dll
0x00007ffb391b0000 - 0x00007ffb392bb000 	C:\WINDOWS\System32\gdi32full.dll
0x00007ffb39060000 - 0x00007ffb390fd000 	C:\WINDOWS\System32\msvcp_win.dll
0x00007ffb392c0000 - 0x00007ffb393c0000 	C:\WINDOWS\System32\ucrtbase.dll
0x00007ffb1dd20000 - 0x00007ffb1dfba000 	C:\WINDOWS\WinSxS\amd64_microsoft.windows.common-controls_6595b64144ccf1df_6.0.19041.844_none_ca00b6081b84eb1d\COMCTL32.dll
0x00007ffb3a110000 - 0x00007ffb3a140000 	C:\WINDOWS\System32\IMM32.DLL
0x00007ffb229c0000 - 0x00007ffb229d5000 	C:\Program Files\Java\jdk1.8.0_261\jre\bin\vcruntime140.dll
0x00007ffb058f0000 - 0x00007ffb0598b000 	C:\Program Files\Java\jdk1.8.0_261\jre\bin\msvcp140.dll
0x0000000053f10000 - 0x000000005477c000 	C:\Program Files\Java\jdk1.8.0_261\jre\bin\server\jvm.dll
0x00007ffb3a240000 - 0x00007ffb3a248000 	C:\WINDOWS\System32\PSAPI.DLL
0x00007ffb33a70000 - 0x00007ffb33a79000 	C:\WINDOWS\SYSTEM32\WSOCK32.dll
0x00007ffb2a6c0000 - 0x00007ffb2a6e7000 	C:\WINDOWS\SYSTEM32\WINMM.dll
0x00007ffb2c290000 - 0x00007ffb2c29a000 	C:\WINDOWS\SYSTEM32\VERSION.dll
0x00007ffb3b040000 - 0x00007ffb3b0ab000 	C:\WINDOWS\System32\WS2_32.dll
0x00007ffb37670000 - 0x00007ffb37682000 	C:\WINDOWS\SYSTEM32\kernel.appcore.dll
0x00007ffb229b0000 - 0x00007ffb229c0000 	C:\Program Files\Java\jdk1.8.0_261\jre\bin\verify.dll
0x00007ffb22950000 - 0x00007ffb2297b000 	C:\Program Files\Java\jdk1.8.0_261\jre\bin\java.dll
0x00007ffb0dc90000 - 0x00007ffb0dcc2000 	C:\Program Files\Java\jdk1.8.0_261\jre\bin\instrument.dll
0x00007ffb22930000 - 0x00007ffb22948000 	C:\Program Files\Java\jdk1.8.0_261\jre\bin\zip.dll
0x00007ffb399c0000 - 0x00007ffb3a102000 	C:\WINDOWS\System32\SHELL32.dll
0x00007ffb36e90000 - 0x00007ffb37621000 	C:\WINDOWS\SYSTEM32\windows.storage.dll
0x00007ffb3a390000 - 0x00007ffb3a6e5000 	C:\WINDOWS\System32\combase.dll
0x00007ffb38730000 - 0x00007ffb3875c000 	C:\WINDOWS\SYSTEM32\Wldp.dll
0x00007ffb397e0000 - 0x00007ffb3988e000 	C:\WINDOWS\System32\SHCORE.dll
0x00007ffb3acd0000 - 0x00007ffb3ad25000 	C:\WINDOWS\System32\shlwapi.dll
0x00007ffb38cd0000 - 0x00007ffb38cef000 	C:\WINDOWS\SYSTEM32\profapi.dll
0x00007ffb2c9d0000 - 0x00007ffb2c9ea000 	C:\Program Files\JetBrains\IntelliJ IDEA 2020.3\bin\breakgen64.dll
0x00007ffb228c0000 - 0x00007ffb228dc000 	C:\Program Files\Java\jdk1.8.0_261\jre\bin\net.dll
0x00007ffb38450000 - 0x00007ffb384ba000 	C:\WINDOWS\system32\mswsock.dll
0x00007ffb38620000 - 0x00007ffb38638000 	C:\WINDOWS\SYSTEM32\CRYPTSP.dll
0x00007ffb37e00000 - 0x00007ffb37e34000 	C:\WINDOWS\system32\rsaenh.dll
0x00007ffb39100000 - 0x00007ffb39127000 	C:\WINDOWS\System32\bcrypt.dll
0x00007ffb38c50000 - 0x00007ffb38c7e000 	C:\WINDOWS\SYSTEM32\USERENV.dll
0x00007ffb39130000 - 0x00007ffb391b0000 	C:\WINDOWS\System32\bcryptprimitives.dll
0x00007ffb38640000 - 0x00007ffb3864c000 	C:\WINDOWS\SYSTEM32\CRYPTBASE.dll
0x00007ffb38150000 - 0x00007ffb3818b000 	C:\WINDOWS\SYSTEM32\IPHLPAPI.DLL
0x00007ffb3a2b0000 - 0x00007ffb3a2b8000 	C:\WINDOWS\System32\NSI.dll
0x00007ffb332d0000 - 0x00007ffb332e7000 	C:\WINDOWS\SYSTEM32\dhcpcsvc6.DLL
0x00007ffb332b0000 - 0x00007ffb332cd000 	C:\WINDOWS\SYSTEM32\dhcpcsvc.DLL
0x00007ffb381a0000 - 0x00007ffb3826c000 	C:\WINDOWS\SYSTEM32\DNSAPI.dll
0x00007ffb0cb20000 - 0x00007ffb0cb33000 	C:\Program Files\Java\jdk1.8.0_261\jre\bin\nio.dll
0x00007ffb229a0000 - 0x00007ffb229aa000 	C:\Users\EDZ\AppData\Local\Temp\jansi-1.17.1-5638420584158896966.dll
0x00007ffb22920000 - 0x00007ffb2292a000 	C:\Users\EDZ\AppData\Local\Temp\jansi-1.17.1-4760655997211970300.dll

VM Arguments:
jvm_args: -Dmaven.multiModuleProjectDirectory=D:\java\dong-common\dong-common-core -Dmaven.home=D:\tools\apache-maven-3.6.3 -Dclassworlds.conf=D:\tools\apache-maven-3.6.3\bin\m2.conf -Dmaven.ext.class.path=C:\Program Files\JetBrains\IntelliJ IDEA 2020.3\plugins\maven\lib\maven-event-listener.jar -javaagent:C:\Program Files\JetBrains\IntelliJ IDEA 2020.3\lib\idea_rt.jar=65471:C:\Program Files\JetBrains\IntelliJ IDEA 2020.3\bin -Dfile.encoding=UTF-8 
java_command: org.codehaus.classworlds.Launcher -Didea.version=2020.3 -s D:\tools\apache-maven-3.6.3\conf\settings.xml -Dmaven.repo.local=C:\Users\EDZ\.m2\repository deploy
java_class_path (initial): D:\tools\apache-maven-3.6.3\boot\plexus-classworlds-2.6.0.jar;D:\tools\apache-maven-3.6.3\boot\plexus-classworlds.license;C:\Program Files\JetBrains\IntelliJ IDEA 2020.3\lib\idea_rt.jar
Launcher Type: SUN_STANDARD

Environment Variables:
JAVA_HOME=C:\Program Files\Java\jdk1.8.0_261
CLASSPATH=C:\Program Files\Java\jdk1.8.0_261\lib\dt.jar;C:\Program Files\Java\jdk1.8.0_261\lib\tools.jar
PATH=C:\Program Files (x86)\NetSarang\Xftp 6\;C:\Program Files (x86)\Common Files\Oracle\Java\javapath;C:\WINDOWS\system32;C:\WINDOWS;C:\WINDOWS\System32\Wbem;C:\WINDOWS\System32\WindowsPowerShell\v1.0\;C:\WINDOWS\System32\OpenSSH\;C:\Program Files\nodejs\;C:\Program Files\Git\cmd;C:\tools\apache-maven-3.6.3\bin;C:\Go\bin;C:\Python27;;C:\Program Files (x86)\AOMEI\AOMEI Backupper\6.5.0;C:\Program Files\Docker\Docker\resources\bin;C:\ProgramData\DockerDesktop\version-bin;C:\Users\EDZ\AppData\Local\Microsoft\WindowsApps;C:\Program Files\Java\jdk1.8.0_261\bin;D:\tools\apache-maven-3.6.3\bin;C:\Users\EDZ\AppData\Roaming\npm;C:\Users\EDZ\AppData\Local\Programs\Microsoft VS Code\bin;C:\Users\EDZ\go\bin;C:\Python27;
USERNAME=EDZ
OS=Windows_NT
PROCESSOR_IDENTIFIER=Intel64 Family 6 Model 158 Stepping 10, GenuineIntel



---------------  S Y S T E M  ---------------

OS: Windows 10.0 , 64 bit Build 19041 (10.0.19041.928)

CPU:total 6 (initial active 6) (6 cores per cpu, 1 threads per core) family 6 model 158 stepping 10, cmov, cx8, fxsr, mmx, sse, sse2, sse3, ssse3, sse4.1, sse4.2, popcnt, avx, avx2, aes, clmul, erms, rtm, 3dnowpref, lzcnt, tsc, tscinvbit, bmi1, bmi2, adx

Memory: 4k page, physical 16667496k(323388k free), swap 22958952k(52k free)

vm_info: Java HotSpot(TM) 64-Bit Server VM (25.261-b12) for windows-amd64 JRE (1.8.0_261-b12), built on Jun 18 2020 06:56:32 by "" with unknown MS VC++:1916

time: Mon May 10 15:46:17 2021
timezone: 中国标准时间
elapsed time: 0 seconds (0d 0h 0m 0s)

